TN:
SF:src/contracts/MetricToken.sol
FN:8,
FNDA:0,
DA:9,0
FNF:1
FNH:0
LF:1
LH:0
BRF:0
BRH:0
end_of_record
TN:
SF:src/contracts/xMETRIC.sol
FN:8,
FNDA:0,
DA:9,0
FN:13,transfer
FNDA:3,transfer
DA:14,3
DA:15,3
DA:16,3
FN:19,transferFrom
FNDA:1,transferFrom
DA:24,1
DA:25,1
DA:26,1
DA:27,1
FN:31,addTransactor
FNDA:5,addTransactor
DA:32,5
FN:37,isTransactor
FNDA:4,isTransactor
DA:38,4
FNF:5
FNH:4
LF:10
LH:9
BRF:0
BRH:0
end_of_record
TN:
SF:src/contracts/MetricToken.sol
FN:8,
FNDA:0,
DA:9,0
FNF:1
FNH:0
LF:1
LH:0
BRF:0
BRH:0
end_of_record
TN:
SF:src/contracts/Question/QuestionFactory.sol
FN:14,
FNDA:0,
DA:19,0
DA:20,0
DA:21,0
FN:24,createQuestion
FNDA:0,createQuestion
DA:25,0
DA:26,0
DA:27,0
FN:30,upvoteQuestion
FNDA:0,upvoteQuestion
FN:32,claimQuestion
FNDA:0,claimQuestion
FN:34,setQuestionProxy
FNDA:0,setQuestionProxy
DA:35,0
FN:38,setQuestionStateController
FNDA:0,setQuestionStateController
DA:39,0
FN:42,setClaimController
FNDA:0,setClaimController
DA:43,0
FNF:7
FNH:0
LF:9
LH:0
BRF:0
BRH:0
end_of_record
TN:
SF:node_modules/@openzeppelin/contracts/token/ERC20/ERC20.sol
FN:54,
FNDA:0,
DA:55,0
DA:56,0
FNF:1
FNH:0
LF:2
LH:0
BRF:0
BRH:0
end_of_record
TN:
SF:node_modules/@openzeppelin/contracts/token/ERC721/ERC721.sol
FN:44,
FNDA:0,
DA:45,0
DA:46,0
FN:388,_checkOnERC721Received
FNDA:0,_checkOnERC721Received
DA:394,0
BRDA:394,0,0,-
DA:395,0
BRDA:394,0,1,-
DA:407,0
FNF:2
FNH:0
LF:5
LH:0
BRF:2
BRH:0
end_of_record
TN:
SF:src/contracts/Question/QuestionStateController.sol
FN:11,initializeQuestion
FNDA:0,initializeQuestion
DA:12,0
FN:17,getVotes
FNDA:0,getVotes
DA:18,0
FNF:2
FNH:0
LF:2
LH:0
BRF:0
BRH:0
end_of_record
TN:
SF:src/contracts/Question/ClaimController.sol
FN:11,initializeQuestion
FNDA:0,initializeQuestion
DA:12,0
FN:17,getClaims
FNDA:0,getClaims
DA:18,0
FNF:2
FNH:0
LF:2
LH:0
BRF:0
BRH:0
end_of_record
TN:
SF:src/contracts/Question/BountyQuestion.sol
FN:19,
FNDA:0,
FN:23,safeMint
FNDA:0,safeMint
DA:24,0
DA:25,0
DA:26,0
DA:27,0
DA:28,0
FN:33,_beforeTokenTransfer
FNDA:0,_beforeTokenTransfer
DA:38,0
FN:41,_burn
FNDA:0,_burn
DA:42,0
FN:45,tokenURI
FNDA:0,tokenURI
DA:46,0
FN:49,supportsInterface
FNDA:0,supportsInterface
DA:50,0
FNF:6
FNH:0
LF:9
LH:0
BRF:0
BRH:0
end_of_record
TN:
SF:node_modules/@openzeppelin/contracts/token/ERC20/ERC20.sol
FN:54,
FNDA:0,
DA:55,0
DA:56,0
FNF:1
FNH:0
LF:2
LH:0
BRF:0
BRH:0
end_of_record
TN:
SF:src/contracts/StakingChef.sol
FN:11,
FNDA:0,
DA:12,0
DA:13,19
DA:14,0
FN:18,stakeMetric
FNDA:19,stakeMetric
DA:20,19
DA:22,19
BRDA:22,0,0,8
DA:23,8
DA:25,19
DA:34,19
DA:37,19
FN:40,updateAccumulatedStakingRewards
FNDA:29,updateAccumulatedStakingRewards
DA:41,29
BRDA:41,1,0,1
DA:42,28
BRDA:42,2,0,28
DA:43,28
DA:46,10
DA:47,10
FN:52,claim
FNDA:8,claim
DA:54,8
DA:55,8
DA:58,8
BRDA:58,3,0,1
DA:61,7
DA:64,7
DA:66,7
FN:69,unStakeMetric
FNDA:4,unStakeMetric
DA:71,4
DA:72,4
BRDA:72,4,0,1
DA:75,3
BRDA:75,5,0,3
DA:76,3
DA:79,3
DA:81,3
DA:84,3
DA:86,3
FN:89,harvest
FNDA:8,harvest
DA:90,8
DA:91,8
DA:93,8
DA:95,8
DA:96,8
DA:97,8
FN:102,getStake
FNDA:1,getStake
DA:103,1
DA:104,1
FN:109,viewPendingHarvest
FNDA:16,viewPendingHarvest
DA:110,16
DA:112,16
FN:115,viewPendingClaims
FNDA:1,viewPendingClaims
DA:116,1
DA:118,1
FNF:9
FNH:8
LF:40
LH:38
BRF:6
BRH:6
end_of_record
TN:
SF:src/contracts/Greeter.sol
FN:9,
FNDA:0,
DA:10,0
FN:13,greet
FNDA:0,greet
DA:14,0
FN:17,setGreeting
FNDA:0,setGreeting
DA:18,0
FNF:3
FNH:0
LF:3
LH:0
BRF:0
BRH:0
end_of_record
TN:
SF:src/contracts/TopChef.sol
FN:12,
FNDA:0,
DA:13,0
DA:14,0
DA:15,0
FN:20,addAllocationGroup
FNDA:0,addAllocationGroup
DA:25,0
DA:26,0
BRDA:26,0,0,-
DA:27,0
DA:30,0
DA:38,0
DA:39,0
FN:43,updateAllocationGroup
FNDA:0,updateAllocationGroup
DA:49,0
DA:50,0
DA:51,0
DA:52,0
DA:53,0
DA:54,0
FN:57,removeAllocationGroup
FNDA:0,removeAllocationGroup
DA:58,0
DA:59,0
DA:60,0
DA:61,0
DA:63,0
DA:65,0
DA:66,0
FN:71,getAllocationGroups
FNDA:0,getAllocationGroups
DA:72,0
FN:77,viewPendingHarvest
FNDA:0,viewPendingHarvest
DA:78,0
DA:80,0
FN:83,viewPendingClaims
FNDA:0,viewPendingClaims
DA:84,0
DA:86,0
FN:89,updateAccumulatedAllocations
FNDA:0,updateAccumulatedAllocations
DA:90,0
DA:91,0
BRDA:91,1,0,-
DA:92,0
DA:100,0
DA:101,0
FN:106,harvestAll
FNDA:0,harvestAll
DA:107,0
DA:108,0
FN:112,harvest
FNDA:0,harvest
DA:113,0
DA:114,0
DA:116,0
DA:118,0
DA:120,0
DA:122,0
DA:123,0
BRDA:123,2,0,-
DA:124,0
BRDA:124,3,0,-
DA:125,0
DA:126,0
BRDA:124,3,1,-
DA:128,0
DA:131,0
FN:134,claim
FNDA:0,claim
DA:135,0
DA:136,0
DA:138,0
DA:140,0
DA:141,0
DA:142,0
DA:143,0
FNF:11
FNH:0
LF:53
LH:0
BRF:5
BRH:0
end_of_record
TN:
SF:src/contracts/Question/QuestionStateController.sol
FN:11,initializeQuestion
FNDA:0,initializeQuestion
DA:12,0
FN:17,getVotes
FNDA:0,getVotes
DA:18,0
FNF:2
FNH:0
LF:2
LH:0
BRF:0
BRH:0
end_of_record
